<?xml version="1.0" encoding="UTF-8"?>
<!-- Generated by org.testng.reporters.JUnitReportReporter -->
<testsuite hostname="WIN-31VA3KNSDRQ" name="TestsContactUs" tests="2" failures="0" timestamp="1 Sep 2016 17:59:27 GMT" time="11.160" errors="0">
  <testcase name="sendMessageTest" time="5.308" classname="TestsContactUs"/>
  <testcase name="failedToSendMessageTest" time="5.852" classname="TestsContactUs"/>
</testsuite> <!-- TestsContactUs -->
