<?xml version="1.0" encoding="UTF-8"?>
<!-- Generated by org.testng.reporters.JUnitReportReporter -->
<testsuite hostname="WIN-31VA3KNSDRQ" name="TestsShopping" tests="3" failures="0" timestamp="1 Sep 2016 17:59:27 GMT" time="37.310" errors="0">
  <testcase name="DeleteItemFromShoppingCartTest" time="5.921" classname="TestsShopping"/>
  <testcase name="addingItemInWishlist" time="6.430" classname="TestsShopping"/>
  <testcase name="proceedToCheckOutTest" time="24.959" classname="TestsShopping"/>
</testsuite> <!-- TestsShopping -->
