<?xml version="1.0" encoding="UTF-8"?>
<!-- Generated by org.testng.reporters.JUnitReportReporter -->
<testsuite hostname="WIN-31VA3KNSDRQ" name="SearchTest" tests="3" failures="0" timestamp="1 Sep 2016 17:59:27 GMT" time="20.803" errors="0">
  <testcase name="searchWomenBlouseTest" time="5.644" classname="SearchTest"/>
  <testcase name="shareProductWithFriendTest" time="9.703" classname="SearchTest"/>
  <testcase name="searchWomenTshortsTest" time="5.456" classname="SearchTest"/>
</testsuite> <!-- SearchTest -->
