<?xml version="1.0" encoding="UTF-8"?>
<!-- Generated by org.testng.reporters.JUnitReportReporter -->
<testsuite hostname="WIN-31VA3KNSDRQ" name="TestsAccount" tests="3" failures="0" timestamp="1 Sep 2016 17:59:27 GMT" time="53.801" errors="0">
  <testcase name="failedChangeUserInformationTest" time="14.016" classname="TestsAccount"/>
  <testcase name="creatingNewWishListTest" time="26.868" classname="TestsAccount"/>
  <testcase name="registrationTest" time="12.917" classname="TestsAccount"/>
</testsuite> <!-- TestsAccount -->
